\BOOKMARK [1][-]{section.1}{Introduction}{}% 1
\BOOKMARK [1][-]{section.2}{Background and Related Work}{}% 2
\BOOKMARK [2][-]{subsection.2.1}{Challenge Description}{section.2}% 3
\BOOKMARK [3][-]{subsubsection.2.1.1}{Data}{subsection.2.1}% 4
\BOOKMARK [3][-]{subsubsection.2.1.2}{Task}{subsection.2.1}% 5
\BOOKMARK [3][-]{subsubsection.2.1.3}{Query types}{subsection.2.1}% 6
\BOOKMARK [3][-]{subsubsection.2.1.4}{query1\(p1, p2, x\)}{subsection.2.1}% 7
\BOOKMARK [3][-]{subsubsection.2.1.5}{query2\(k, d\)}{subsection.2.1}% 8
\BOOKMARK [3][-]{subsubsection.2.1.6}{query3\(k, h, p\)}{subsection.2.1}% 9
\BOOKMARK [3][-]{subsubsection.2.1.7}{query4\(k, t\)}{subsection.2.1}% 10
\BOOKMARK [2][-]{subsection.2.2}{Related Work}{section.2}% 11
\BOOKMARK [1][-]{section.3}{Implementation}{}% 12
\BOOKMARK [2][-]{subsection.3.1}{Overall Approach}{section.3}% 13
\BOOKMARK [2][-]{subsection.3.2}{Data Representation}{section.3}% 14
\BOOKMARK [3][-]{subsubsection.3.2.1}{Embedded Database Design}{subsection.3.2}% 15
\BOOKMARK [3][-]{subsubsection.3.2.2}{In-Memory Design}{subsection.3.2}% 16
\BOOKMARK [3][-]{subsubsection.3.2.3}{Data structures and indexes}{subsection.3.2}% 17
\BOOKMARK [2][-]{subsection.3.3}{Query Implementations}{section.3}% 18
\BOOKMARK [3][-]{subsubsection.3.3.1}{Query1}{subsection.3.3}% 19
\BOOKMARK [3][-]{subsubsection.3.3.2}{Query2}{subsection.3.3}% 20
\BOOKMARK [3][-]{subsubsection.3.3.3}{Query3}{subsection.3.3}% 21
\BOOKMARK [3][-]{subsubsection.3.3.4}{Query4}{subsection.3.3}% 22
\BOOKMARK [2][-]{subsection.3.4}{Multi-threading}{section.3}% 23
\BOOKMARK [2][-]{subsection.3.5}{Concurrency}{section.3}% 24
\BOOKMARK [1][-]{section.4}{Results}{}% 25
